<?xml version="1.0" encoding="UTF-8"?>
<testsuite xmlns:xsi="http://www.w3.org/2001/XMLSchema-instance" xsi:noNamespaceSchemaLocation="https://maven.apache.org/surefire/maven-surefire-plugin/xsd/surefire-test-report-3.0.xsd" version="3.0" name="org.example.vehicleregistration.VehicleRegistrationApplicationTests" time="19.056" tests="1" errors="0" skipped="0" failures="0">
  <properties>
[...]
</properties>
  <testcase name="contextLoads" classname="org.example.vehicleregistration.VehicleRegistrationApplicationTests" time="0.829">
    <system-out><![CDATA[12:24:04.566 [main] INFO org.springframework.test.context.support.AnnotationConfigContextLoaderUtils -- Could not detect default configuration classes for test class [org.example.vehicleregistration.VehicleRegistrationApplicationTests]: VehicleRegistrationApplicationTests does not declare any static, non-private, non-final, nested classes annotated with @Configuration.
12:24:05.072 [main] INFO org.springframework.boot.test.context.SpringBootTestContextBootstrapper -- Found @SpringBootConfiguration org.example.vehicleregistration.VehicleRegistrationApplication for test class org.example.vehicleregistration.VehicleRegistrationApplicationTests

  .   ____          _            __ _ _
 /\\ / ___'_ __ _ _(_)_ __  __ _ \ \ \ \
( ( )\___ | '_ | '_| | '_ \/ _` | \ \ \ \
 \\/  ___)| |_)| | | | | || (_| |  ) ) ) )
  '  |____| .__|_| |_|_| |_\__, | / / / /
 =========|_|==============|___/=/_/_/_/
 :: Spring Boot ::                (v3.2.4)

2024-06-25T12:24:06.473+02:00  INFO 16180 --- [VehicleInspection] [           main] .e.v.VehicleRegistrationApplicationTests : Starting VehicleRegistrationApplicationTests using Java 17.0.11 with PID 16180 (started by lejzo in /mnt/d/EMT/VehicleRegistration)
2024-06-25T12:24:06.475+02:00  INFO 16180 --- [VehicleInspection] [           main] .e.v.VehicleRegistrationApplicationTests : The following 2 profiles are active: "prod", "stripe"
2024-06-25T12:24:09.317+02:00  INFO 16180 --- [VehicleInspection] [           main] .s.d.r.c.RepositoryConfigurationDelegate : Multiple Spring Data modules found, entering strict repository configuration mode
2024-06-25T12:24:09.324+02:00  INFO 16180 --- [VehicleInspection] [           main] .s.d.r.c.RepositoryConfigurationDelegate : Bootstrapping Spring Data JDBC repositories in DEFAULT mode.
2024-06-25T12:24:09.518+02:00  INFO 16180 --- [VehicleInspection] [           main] .RepositoryConfigurationExtensionSupport : Spring Data JDBC - Could not safely identify store assignment for repository candidate interface org.example.vehicleregistration.repository.CenterRepository; If you want this repository to be a JDBC repository, consider annotating your entities with one of these annotations: org.springframework.data.relational.core.mapping.Table.
2024-06-25T12:24:09.530+02:00  INFO 16180 --- [VehicleInspection] [           main] .RepositoryConfigurationExtensionSupport : Spring Data JDBC - Could not safely identify store assignment for repository candidate interface org.example.vehicleregistration.repository.InspectionRepository; If you want this repository to be a JDBC repository, consider annotating your entities with one of these annotations: org.springframework.data.relational.core.mapping.Table.
2024-06-25T12:24:09.540+02:00  INFO 16180 --- [VehicleInspection] [           main] .RepositoryConfigurationExtensionSupport : Spring Data JDBC - Could not safely identify store assignment for repository candidate interface org.example.vehicleregistration.repository.InspectionTermRepository; If you want this repository to be a JDBC repository, consider annotating your entities with one of these annotations: org.springframework.data.relational.core.mapping.Table.
2024-06-25T12:24:09.553+02:00  INFO 16180 --- [VehicleInspection] [           main] .RepositoryConfigurationExtensionSupport : Spring Data JDBC - Could not safely identify store assignment for repository candidate interface org.example.vehicleregistration.repository.UserRepository; If you want this repository to be a JDBC repository, consider annotating your entities with one of these annotations: org.springframework.data.relational.core.mapping.Table.
2024-06-25T12:24:09.564+02:00  INFO 16180 --- [VehicleInspection] [           main] .RepositoryConfigurationExtensionSupport : Spring Data JDBC - Could not safely identify store assignment for repository candidate interface org.example.vehicleregistration.repository.VehicleRepository; If you want this repository to be a JDBC repository, consider annotating your entities with one of these annotations: org.springframework.data.relational.core.mapping.Table.
2024-06-25T12:24:09.566+02:00  INFO 16180 --- [VehicleInspection] [           main] .s.d.r.c.RepositoryConfigurationDelegate : Finished Spring Data repository scanning in 228 ms. Found 0 JDBC repository interfaces.
2024-06-25T12:24:09.611+02:00  INFO 16180 --- [VehicleInspection] [           main] .s.d.r.c.RepositoryConfigurationDelegate : Multiple Spring Data modules found, entering strict repository configuration mode
2024-06-25T12:24:09.616+02:00  INFO 16180 --- [VehicleInspection] [           main] .s.d.r.c.RepositoryConfigurationDelegate : Bootstrapping Spring Data JPA repositories in DEFAULT mode.
2024-06-25T12:24:09.976+02:00  INFO 16180 --- [VehicleInspection] [           main] .s.d.r.c.RepositoryConfigurationDelegate : Finished Spring Data repository scanning in 341 ms. Found 5 JPA repository interfaces.
2024-06-25T12:24:11.806+02:00  INFO 16180 --- [VehicleInspection] [           main] o.hibernate.jpa.internal.util.LogHelper  : HHH000204: Processing PersistenceUnitInfo [name: default]
2024-06-25T12:24:12.148+02:00  INFO 16180 --- [VehicleInspection] [           main] org.hibernate.Version                    : HHH000412: Hibernate ORM core version 6.4.4.Final
2024-06-25T12:24:12.298+02:00  INFO 16180 --- [VehicleInspection] [           main] o.h.c.internal.RegionFactoryInitiator    : HHH000026: Second-level cache disabled
2024-06-25T12:24:13.245+02:00  INFO 16180 --- [VehicleInspection] [           main] o.s.o.j.p.SpringPersistenceUnitInfo      : No LoadTimeWeaver setup: ignoring JPA class transformer
2024-06-25T12:24:13.399+02:00  INFO 16180 --- [VehicleInspection] [           main] com.zaxxer.hikari.HikariDataSource       : HikariPool-1 - Starting...
2024-06-25T12:24:13.838+02:00  INFO 16180 --- [VehicleInspection] [           main] com.zaxxer.hikari.pool.HikariPool        : HikariPool-1 - Added connection org.postgresql.jdbc.PgConnection@2565a7d0
2024-06-25T12:24:13.844+02:00  INFO 16180 --- [VehicleInspection] [           main] com.zaxxer.hikari.HikariDataSource       : HikariPool-1 - Start completed.
2024-06-25T12:24:13.987+02:00  WARN 16180 --- [VehicleInspection] [           main] org.hibernate.orm.deprecation            : HHH90000025: PostgreSQLDialect does not need to be specified explicitly using 'hibernate.dialect' (remove the property setting and it will be selected by default)
2024-06-25T12:24:17.588+02:00  INFO 16180 --- [VehicleInspection] [           main] o.h.e.t.j.p.i.JtaPlatformInitiator       : HHH000489: No JTA platform available (set 'hibernate.transaction.jta.platform' to enable JTA platform integration)
2024-06-25T12:24:17.792+02:00  INFO 16180 --- [VehicleInspection] [           main] j.LocalContainerEntityManagerFactoryBean : Initialized JPA EntityManagerFactory for persistence unit 'default'
Hibernate: select u1_0.username,u1_0.is_account_non_expired,u1_0.is_account_non_locked,u1_0.is_credentials_non_expired,u1_0.is_enabled,u1_0.name,u1_0.password,u1_0.role,u1_0.surname from reg_users u1_0 where u1_0.username=?
Hibernate: select v1_0.user_username,v1_0.id,v1_0.color,v1_0.had_inspection,v1_0.make,v1_0.model,v1_0.registration_number,v1_0.vehicle_year,v1_0.vin from vehicle v1_0 where v1_0.user_username=?
Hibernate: select i1_0.user_username,i1_0.id,dt1_0.id,dt1_0.date,dt1_0.inspection_center_id,dt1_0.is_scheduled,dt1_0.time,ic2_0.id,ic2_0.city,ic2_0.contact_details,ic2_0.name,v1_0.id,v1_0.color,v1_0.had_inspection,v1_0.make,v1_0.model,v1_0.registration_number,u2_0.username,u2_0.is_account_non_expired,u2_0.is_account_non_locked,u2_0.is_credentials_non_expired,u2_0.is_enabled,u2_0.name,u2_0.password,u2_0.role,u2_0.surname,v1_0.vehicle_year,v1_0.vin from vehicle_inspection i1_0 left join inspection_term dt1_0 on dt1_0.id=i1_0.date_time_id left join inspection_center ic2_0 on ic2_0.id=i1_0.inspection_center_id left join vehicle v1_0 on v1_0.id=i1_0.vehicle_id left join reg_users u2_0 on u2_0.username=v1_0.user_username where i1_0.user_username=?
Hibernate: select u1_0.username,u1_0.is_account_non_expired,u1_0.is_account_non_locked,u1_0.is_credentials_non_expired,u1_0.is_enabled,u1_0.name,u1_0.password,u1_0.role,u1_0.surname from reg_users u1_0 where u1_0.username=?
Hibernate: select v1_0.user_username,v1_0.id,v1_0.color,v1_0.had_inspection,v1_0.make,v1_0.model,v1_0.registration_number,v1_0.vehicle_year,v1_0.vin from vehicle v1_0 where v1_0.user_username=?
Hibernate: select i1_0.user_username,i1_0.id,dt1_0.id,dt1_0.date,dt1_0.inspection_center_id,dt1_0.is_scheduled,dt1_0.time,ic2_0.id,ic2_0.city,ic2_0.contact_details,ic2_0.name,v1_0.id,v1_0.color,v1_0.had_inspection,v1_0.make,v1_0.model,v1_0.registration_number,u2_0.username,u2_0.is_account_non_expired,u2_0.is_account_non_locked,u2_0.is_credentials_non_expired,u2_0.is_enabled,u2_0.name,u2_0.password,u2_0.role,u2_0.surname,v1_0.vehicle_year,v1_0.vin from vehicle_inspection i1_0 left join inspection_term dt1_0 on dt1_0.id=i1_0.date_time_id left join inspection_center ic2_0 on ic2_0.id=i1_0.inspection_center_id left join vehicle v1_0 on v1_0.id=i1_0.vehicle_id left join reg_users u2_0 on u2_0.username=v1_0.user_username where i1_0.user_username=?
Hibernate: select u1_0.username,u1_0.is_account_non_expired,u1_0.is_account_non_locked,u1_0.is_credentials_non_expired,u1_0.is_enabled,u1_0.name,u1_0.password,u1_0.role,u1_0.surname from reg_users u1_0 where u1_0.username=?
Hibernate: select v1_0.user_username,v1_0.id,v1_0.color,v1_0.had_inspection,v1_0.make,v1_0.model,v1_0.registration_number,v1_0.vehicle_year,v1_0.vin from vehicle v1_0 where v1_0.user_username=?
Hibernate: select i1_0.user_username,i1_0.id,dt1_0.id,dt1_0.date,dt1_0.inspection_center_id,dt1_0.is_scheduled,dt1_0.time,ic2_0.id,ic2_0.city,ic2_0.contact_details,ic2_0.name,v1_0.id,v1_0.color,v1_0.had_inspection,v1_0.make,v1_0.model,v1_0.registration_number,u2_0.username,u2_0.is_account_non_expired,u2_0.is_account_non_locked,u2_0.is_credentials_non_expired,u2_0.is_enabled,u2_0.name,u2_0.password,u2_0.role,u2_0.surname,v1_0.vehicle_year,v1_0.vin from vehicle_inspection i1_0 left join inspection_term dt1_0 on dt1_0.id=i1_0.date_time_id left join inspection_center ic2_0 on ic2_0.id=i1_0.inspection_center_id left join vehicle v1_0 on v1_0.id=i1_0.vehicle_id left join reg_users u2_0 on u2_0.username=v1_0.user_username where i1_0.user_username=?
Hibernate: select u1_0.username,u1_0.is_account_non_expired,u1_0.is_account_non_locked,u1_0.is_credentials_non_expired,u1_0.is_enabled,u1_0.name,u1_0.password,u1_0.role,u1_0.surname from reg_users u1_0 where u1_0.username=?
Hibernate: select v1_0.user_username,v1_0.id,v1_0.color,v1_0.had_inspection,v1_0.make,v1_0.model,v1_0.registration_number,v1_0.vehicle_year,v1_0.vin from vehicle v1_0 where v1_0.user_username=?
Hibernate: select i1_0.user_username,i1_0.id,dt1_0.id,dt1_0.date,dt1_0.inspection_center_id,dt1_0.is_scheduled,dt1_0.time,ic2_0.id,ic2_0.city,ic2_0.contact_details,ic2_0.name,v1_0.id,v1_0.color,v1_0.had_inspection,v1_0.make,v1_0.model,v1_0.registration_number,u2_0.username,u2_0.is_account_non_expired,u2_0.is_account_non_locked,u2_0.is_credentials_non_expired,u2_0.is_enabled,u2_0.name,u2_0.password,u2_0.role,u2_0.surname,v1_0.vehicle_year,v1_0.vin from vehicle_inspection i1_0 left join inspection_term dt1_0 on dt1_0.id=i1_0.date_time_id left join inspection_center ic2_0 on ic2_0.id=i1_0.inspection_center_id left join vehicle v1_0 on v1_0.id=i1_0.vehicle_id left join reg_users u2_0 on u2_0.username=v1_0.user_username where i1_0.user_username=?
Hibernate: select null,u1_0.is_account_non_expired,u1_0.is_account_non_locked,u1_0.is_credentials_non_expired,u1_0.is_enabled,u1_0.name,u1_0.password,u1_0.role,u1_0.surname from reg_users u1_0 where u1_0.username=?
Hibernate: insert into vehicle (color,had_inspection,make,model,registration_number,user_username,vehicle_year,vin) values (?,?,?,?,?,?,?,?)
Hibernate: insert into inspection_center (city,contact_details,name) values (?,?,?)
Hibernate: insert into inspection_center (city,contact_details,name) values (?,?,?)
Hibernate: select ic1_0.id,ic1_0.city,ic1_0.contact_details,ic1_0.name from inspection_center ic1_0 where ic1_0.id=?
Hibernate: insert into inspection_term (date,inspection_center_id,is_scheduled,time) values (?,?,?,?)
Hibernate: insert into inspection_term (date,inspection_center_id,is_scheduled,time) values (?,?,?,?)
Hibernate: insert into inspection_term (date,inspection_center_id,is_scheduled,time) values (?,?,?,?)
Hibernate: insert into inspection_term (date,inspection_center_id,is_scheduled,time) values (?,?,?,?)
Hibernate: insert into inspection_term (date,inspection_center_id,is_scheduled,time) values (?,?,?,?)
Hibernate: insert into inspection_term (date,inspection_center_id,is_scheduled,time) values (?,?,?,?)
Hibernate: insert into inspection_term (date,inspection_center_id,is_scheduled,time) values (?,?,?,?)
Hibernate: insert into inspection_term (date,inspection_center_id,is_scheduled,time) values (?,?,?,?)
Hibernate: insert into inspection_term (date,inspection_center_id,is_scheduled,time) values (?,?,?,?)
Hibernate: insert into inspection_term (date,inspection_center_id,is_scheduled,time) values (?,?,?,?)
Hibernate: insert into inspection_term (date,inspection_center_id,is_scheduled,time) values (?,?,?,?)
Hibernate: insert into inspection_term (date,inspection_center_id,is_scheduled,time) values (?,?,?,?)
Hibernate: insert into inspection_term (date,inspection_center_id,is_scheduled,time) values (?,?,?,?)
Hibernate: insert into inspection_term (date,inspection_center_id,is_scheduled,time) values (?,?,?,?)
Hibernate: insert into inspection_term (date,inspection_center_id,is_scheduled,time) values (?,?,?,?)
Hibernate: insert into inspection_term (date,inspection_center_id,is_scheduled,time) values (?,?,?,?)
Hibernate: insert into inspection_term (date,inspection_center_id,is_scheduled,time) values (?,?,?,?)
Hibernate: insert into inspection_term (date,inspection_center_id,is_scheduled,time) values (?,?,?,?)
Hibernate: insert into inspection_term (date,inspection_center_id,is_scheduled,time) values (?,?,?,?)
Hibernate: insert into inspection_term (date,inspection_center_id,is_scheduled,time) values (?,?,?,?)
Hibernate: insert into inspection_term (date,inspection_center_id,is_scheduled,time) values (?,?,?,?)
Hibernate: insert into inspection_term (date,inspection_center_id,is_scheduled,time) values (?,?,?,?)
Hibernate: insert into inspection_term (date,inspection_center_id,is_scheduled,time) values (?,?,?,?)
Hibernate: insert into inspection_term (date,inspection_center_id,is_scheduled,time) values (?,?,?,?)
Hibernate: insert into inspection_term (date,inspection_center_id,is_scheduled,time) values (?,?,?,?)
Hibernate: insert into inspection_term (date,inspection_center_id,is_scheduled,time) values (?,?,?,?)
Hibernate: insert into inspection_term (date,inspection_center_id,is_scheduled,time) values (?,?,?,?)
Hibernate: insert into inspection_term (date,inspection_center_id,is_scheduled,time) values (?,?,?,?)
Hibernate: insert into inspection_term (date,inspection_center_id,is_scheduled,time) values (?,?,?,?)
Hibernate: insert into inspection_term (date,inspection_center_id,is_scheduled,time) values (?,?,?,?)
Hibernate: insert into inspection_term (date,inspection_center_id,is_scheduled,time) values (?,?,?,?)
Hibernate: insert into inspection_term (date,inspection_center_id,is_scheduled,time) values (?,?,?,?)
Hibernate: insert into inspection_term (date,inspection_center_id,is_scheduled,time) values (?,?,?,?)
Hibernate: insert into inspection_term (date,inspection_center_id,is_scheduled,time) values (?,?,?,?)
Hibernate: select ic1_0.id,ic1_0.city,ic1_0.contact_details,ic1_0.name from inspection_center ic1_0 where ic1_0.id=?
Hibernate: insert into inspection_term (date,inspection_center_id,is_scheduled,time) values (?,?,?,?)
Hibernate: insert into inspection_term (date,inspection_center_id,is_scheduled,time) values (?,?,?,?)
Hibernate: insert into inspection_term (date,inspection_center_id,is_scheduled,time) values (?,?,?,?)
Hibernate: insert into inspection_term (date,inspection_center_id,is_scheduled,time) values (?,?,?,?)
Hibernate: insert into inspection_term (date,inspection_center_id,is_scheduled,time) values (?,?,?,?)
Hibernate: insert into inspection_term (date,inspection_center_id,is_scheduled,time) values (?,?,?,?)
Hibernate: insert into inspection_term (date,inspection_center_id,is_scheduled,time) values (?,?,?,?)
Hibernate: insert into inspection_term (date,inspection_center_id,is_scheduled,time) values (?,?,?,?)
Hibernate: insert into inspection_term (date,inspection_center_id,is_scheduled,time) values (?,?,?,?)
Hibernate: insert into inspection_term (date,inspection_center_id,is_scheduled,time) values (?,?,?,?)
Hibernate: insert into inspection_term (date,inspection_center_id,is_scheduled,time) values (?,?,?,?)
Hibernate: insert into inspection_term (date,inspection_center_id,is_scheduled,time) values (?,?,?,?)
Hibernate: insert into inspection_term (date,inspection_center_id,is_scheduled,time) values (?,?,?,?)
Hibernate: insert into inspection_term (date,inspection_center_id,is_scheduled,time) values (?,?,?,?)
Hibernate: insert into inspection_term (date,inspection_center_id,is_scheduled,time) values (?,?,?,?)
Hibernate: insert into inspection_term (date,inspection_center_id,is_scheduled,time) values (?,?,?,?)
Hibernate: insert into inspection_term (date,inspection_center_id,is_scheduled,time) values (?,?,?,?)
Hibernate: insert into inspection_term (date,inspection_center_id,is_scheduled,time) values (?,?,?,?)
Hibernate: insert into inspection_term (date,inspection_center_id,is_scheduled,time) values (?,?,?,?)
Hibernate: insert into inspection_term (date,inspection_center_id,is_scheduled,time) values (?,?,?,?)
Hibernate: insert into inspection_term (date,inspection_center_id,is_scheduled,time) values (?,?,?,?)
Hibernate: insert into inspection_term (date,inspection_center_id,is_scheduled,time) values (?,?,?,?)
Hibernate: insert into inspection_term (date,inspection_center_id,is_scheduled,time) values (?,?,?,?)
Hibernate: insert into inspection_term (date,inspection_center_id,is_scheduled,time) values (?,?,?,?)
Hibernate: insert into inspection_term (date,inspection_center_id,is_scheduled,time) values (?,?,?,?)
Hibernate: insert into inspection_term (date,inspection_center_id,is_scheduled,time) values (?,?,?,?)
Hibernate: insert into inspection_term (date,inspection_center_id,is_scheduled,time) values (?,?,?,?)
Hibernate: insert into inspection_term (date,inspection_center_id,is_scheduled,time) values (?,?,?,?)
Hibernate: insert into inspection_term (date,inspection_center_id,is_scheduled,time) values (?,?,?,?)
Hibernate: insert into inspection_term (date,inspection_center_id,is_scheduled,time) values (?,?,?,?)
Hibernate: insert into inspection_term (date,inspection_center_id,is_scheduled,time) values (?,?,?,?)
Hibernate: insert into inspection_term (date,inspection_center_id,is_scheduled,time) values (?,?,?,?)
Hibernate: insert into inspection_term (date,inspection_center_id,is_scheduled,time) values (?,?,?,?)
Hibernate: insert into inspection_term (date,inspection_center_id,is_scheduled,time) values (?,?,?,?)
2024-06-25T12:24:20.087+02:00  WARN 16180 --- [VehicleInspection] [           main] JpaBaseConfiguration$JpaWebConfiguration : spring.jpa.open-in-view is enabled by default. Therefore, database queries may be performed during view rendering. Explicitly configure spring.jpa.open-in-view to disable this warning
2024-06-25T12:24:21.168+02:00  INFO 16180 --- [VehicleInspection] [           main] o.s.s.web.DefaultSecurityFilterChain     : Will secure any request with [org.springframework.security.web.session.DisableEncodeUrlFilter@23cfc9eb, org.springframework.security.web.context.request.async.WebAsyncManagerIntegrationFilter@14af9f51, org.springframework.security.web.context.SecurityContextHolderFilter@473c491, org.springframework.security.web.header.HeaderWriterFilter@669b8190, org.springframework.web.filter.CorsFilter@2bfe4df9, org.springframework.security.web.authentication.logout.LogoutFilter@a3f1f32, org.springframework.security.web.authentication.UsernamePasswordAuthenticationFilter@1315d910, org.springframework.security.web.savedrequest.RequestCacheAwareFilter@70a8654, org.springframework.security.web.servletapi.SecurityContextHolderAwareRequestFilter@671c71e8, org.springframework.security.web.authentication.AnonymousAuthenticationFilter@4f466207, org.springframework.security.web.access.ExceptionTranslationFilter@77da2881, org.springframework.security.web.access.intercept.AuthorizationFilter@60c68c7b]
2024-06-25T12:24:22.308+02:00  INFO 16180 --- [VehicleInspection] [           main] .e.v.VehicleRegistrationApplicationTests : Started VehicleRegistrationApplicationTests in 16.586 seconds (process running for 19.05)
]]></system-out>
  </testcase>
</testsuite>